<?xml version="1.0" encoding="UTF-8"?>
<!-- Generated by org.testng.reporters.JUnitReportReporter -->
<testsuite skipped="0" hostname="Balaji" name="grid.Leaftaps" tests="1" failures="0" timestamp="18 Feb 2018 13:33:30 GMT" time="26.126" errors="0">
  <testcase name="login" time="26.126" classname="grid.Leaftaps"/>
</testsuite> <!-- grid.Leaftaps -->
