<?xml version="1.0" encoding="UTF-8"?>
<!-- Generated by org.testng.reporters.JUnitReportReporter -->
<testsuite skipped="0" hostname="Balaji" name="testcases.TC004_DuplicateLeadandVerifyFname" tests="2" failures="0" timestamp="15 Feb 2018 12:52:21 GMT" time="101.282" errors="0">
  <testcase name="DuplicateLeadAndVerify" time="48.493" classname="testcases.TC004_DuplicateLeadandVerifyFname"/>
  <testcase name="DuplicateLeadAndVerify" time="52.789" classname="testcases.TC004_DuplicateLeadandVerifyFname"/>
</testsuite> <!-- testcases.TC004_DuplicateLeadandVerifyFname -->
