<?xml version="1.0" encoding="UTF-8"?>
<!-- Generated by org.testng.reporters.JUnitReportReporter -->
<testsuite skipped="0" hostname="Balaji" name="grid.JqueryUi" tests="1" failures="0" timestamp="18 Feb 2018 13:34:15 GMT" time="20.137" errors="0">
  <testcase name="frame" time="20.137" classname="grid.JqueryUi"/>
</testsuite> <!-- grid.JqueryUi -->
