<?xml version="1.0" encoding="UTF-8"?>
<!-- Generated by org.testng.reporters.JUnitReportReporter -->
<testsuite skipped="0" hostname="Balaji" name="testcases.TC002_CreateLeadAndVerify" tests="2" failures="0" timestamp="25 Feb 2018 04:55:15 GMT" time="88.142" errors="0">
  <testcase name="CreateLeadAndVerify" time="40.286" classname="testcases.TC002_CreateLeadAndVerify"/>
  <testcase name="CreateLeadAndVerify" time="47.856" classname="testcases.TC002_CreateLeadAndVerify"/>
</testsuite> <!-- testcases.TC002_CreateLeadAndVerify -->
