<?xml version="1.0" encoding="UTF-8"?>
<!-- Generated by org.testng.reporters.JUnitReportReporter -->
<testsuite skipped="0" hostname="Balaji" name="testcases.TC003_EditLead" tests="2" failures="0" timestamp="15 Feb 2018 08:12:05 GMT" time="134.945" errors="0">
  <testcase name="CreateLeadAndVerify" time="86.906" classname="testcases.TC003_EditLead"/>
  <testcase name="CreateLeadAndVerify" time="48.039" classname="testcases.TC003_EditLead"/>
</testsuite> <!-- testcases.TC003_EditLead -->
